[  +14 ms] executing: sysctl hw.optional.arm64
[   +6 ms] Exit code 0 from: sysctl hw.optional.arm64
[        ] hw.optional.arm64: 1
[   +3 ms] Artifact Instance of 'MaterialFonts' is not required, skipping update.
[        ] Artifact Instance of 'GradleWrapper' is not required, skipping update.
[        ] Artifact Instance of 'AndroidGenSnapshotArtifacts' is not required, skipping update.
[        ] Artifact Instance of 'AndroidInternalBuildArtifacts' is not required, skipping update.
[        ] Artifact Instance of 'IOSEngineArtifacts' is not required, skipping update.
[        ] Artifact Instance of 'FlutterWebSdk' is not required, skipping update.
[        ] Artifact Instance of 'LegacyCanvasKitRemover' is not required, skipping update.
[        ] Artifact Instance of 'FlutterSdk' is not required, skipping update.
[        ] Artifact Instance of 'WindowsEngineArtifacts' is not required, skipping update.
[        ] Artifact Instance of 'MacOSEngineArtifacts' is not required, skipping update.
[        ] Artifact Instance of 'LinuxEngineArtifacts' is not required, skipping update.
[        ] Artifact Instance of 'LinuxFuchsiaSDKArtifacts' is not required, skipping update.
[        ] Artifact Instance of 'MacOSFuchsiaSDKArtifacts' is not required, skipping update.
[        ] Artifact Instance of 'FlutterRunnerSDKArtifacts' is not required, skipping update.
[        ] Artifact Instance of 'FlutterRunnerDebugSymbols' is not required, skipping update.
[        ] Artifact Instance of 'IosUsbArtifacts' is not required, skipping update.
[        ] Artifact Instance of 'IosUsbArtifacts' is not required, skipping update.
[        ] Artifact Instance of 'IosUsbArtifacts' is not required, skipping update.
[        ] Artifact Instance of 'IosUsbArtifacts' is not required, skipping update.
[        ] Artifact Instance of 'IosUsbArtifacts' is not required, skipping update.
[        ] Artifact Instance of 'IosUsbArtifacts' is not required, skipping update.
[        ] Artifact Instance of 'FontSubsetArtifacts' is not required, skipping update.
[        ] Artifact Instance of 'PubDependencies' is not required, skipping update.
[        ] executing: [/Users/jhin.lee/development/flutter/] git -c log.showSignature=false log HEAD -n 1 --pretty=format:%ad --date=iso
[  +18 ms] Exit code 0 from: git -c log.showSignature=false log HEAD -n 1 --pretty=format:%ad --date=iso
[        ] 2026-01-13 13:47:42 -0800
[   +7 ms] Artifact Instance of 'AndroidGenSnapshotArtifacts' is not required, skipping update.
[        ] Artifact Instance of 'AndroidInternalBuildArtifacts' is not required, skipping update.
[        ] Artifact Instance of 'IOSEngineArtifacts' is not required, skipping update.
[        ] Artifact Instance of 'FlutterWebSdk' is not required, skipping update.
[        ] Artifact Instance of 'FlutterEngineStamp' is not required, skipping update.
[        ] Artifact Instance of 'LegacyCanvasKitRemover' is not required, skipping update.
[        ] Artifact Instance of 'WindowsEngineArtifacts' is not required, skipping update.
[        ] Artifact Instance of 'MacOSEngineArtifacts' is not required, skipping update.
[        ] Artifact Instance of 'LinuxEngineArtifacts' is not required, skipping update.
[        ] Artifact Instance of 'LinuxFuchsiaSDKArtifacts' is not required, skipping update.
[        ] Artifact Instance of 'MacOSFuchsiaSDKArtifacts' is not required, skipping update.
[        ] Artifact Instance of 'FlutterRunnerSDKArtifacts' is not required, skipping update.
[        ] Artifact Instance of 'FlutterRunnerDebugSymbols' is not required, skipping update.
[  +26 ms] Artifact Instance of 'MaterialFonts' is not required, skipping update.
[        ] Artifact Instance of 'GradleWrapper' is not required, skipping update.
[        ] Artifact Instance of 'AndroidGenSnapshotArtifacts' is not required, skipping update.
[        ] Artifact Instance of 'AndroidInternalBuildArtifacts' is not required, skipping update.
[        ] Artifact Instance of 'IOSEngineArtifacts' is not required, skipping update.
[        ] Artifact Instance of 'FlutterWebSdk' is not required, skipping update.
[        ] Artifact Instance of 'FlutterEngineStamp' is not required, skipping update.
[        ] Artifact Instance of 'LegacyCanvasKitRemover' is not required, skipping update.
[        ] Artifact Instance of 'FlutterSdk' is not required, skipping update.
[        ] Artifact Instance of 'WindowsEngineArtifacts' is not required, skipping update.
[        ] Artifact Instance of 'LinuxEngineArtifacts' is not required, skipping update.
[        ] Artifact Instance of 'LinuxFuchsiaSDKArtifacts' is not required, skipping update.
[        ] Artifact Instance of 'MacOSFuchsiaSDKArtifacts' is not required, skipping update.
[        ] Artifact Instance of 'FlutterRunnerSDKArtifacts' is not required, skipping update.
[        ] Artifact Instance of 'FlutterRunnerDebugSymbols' is not required, skipping update.
[        ] Artifact Instance of 'IosUsbArtifacts' is not required, skipping update.
[        ] Artifact Instance of 'IosUsbArtifacts' is not required, skipping update.
[        ] Artifact Instance of 'IosUsbArtifacts' is not required, skipping update.
[        ] Artifact Instance of 'IosUsbArtifacts' is not required, skipping update.
[        ] Artifact Instance of 'IosUsbArtifacts' is not required, skipping update.
[        ] Artifact Instance of 'IosUsbArtifacts' is not required, skipping update.
[        ] Artifact Instance of 'FontSubsetArtifacts' is not required, skipping update.
[        ] Artifact Instance of 'PubDependencies' is not required, skipping update.
[   +5 ms] Skipping pub get: version match.
[  +33 ms] Found plugin shared_preferences at /Users/jhin.lee/.pub-cache/hosted/pub.dev/shared_preferences-2.5.4/
[   +2 ms] Found plugin shared_preferences_windows at /Users/jhin.lee/.pub-cache/hosted/pub.dev/shared_preferences_windows-2.4.1/
[   +2 ms] Found plugin path_provider_windows at /Users/jhin.lee/.pub-cache/hosted/pub.dev/path_provider_windows-2.3.0/
[   +3 ms] Found plugin shared_preferences_web at /Users/jhin.lee/.pub-cache/hosted/pub.dev/shared_preferences_web-2.4.3/
[   +1 ms] Found plugin shared_preferences_linux at /Users/jhin.lee/.pub-cache/hosted/pub.dev/shared_preferences_linux-2.4.1/
[   +1 ms] Found plugin path_provider_linux at /Users/jhin.lee/.pub-cache/hosted/pub.dev/path_provider_linux-2.2.1/
[   +1 ms] Found plugin shared_preferences_foundation at /Users/jhin.lee/.pub-cache/hosted/pub.dev/shared_preferences_foundation-2.5.6/
[   +1 ms] Found plugin shared_preferences_android at /Users/jhin.lee/.pub-cache/hosted/pub.dev/shared_preferences_android-2.4.20/
[   +2 ms] Found plugin path_provider at /Users/jhin.lee/.pub-cache/hosted/pub.dev/path_provider-2.1.5/
[        ] Found plugin path_provider_foundation at /Users/jhin.lee/.pub-cache/hosted/pub.dev/path_provider_foundation-2.6.0/
[   +5 ms] Found plugin path_provider_android at /Users/jhin.lee/.pub-cache/hosted/pub.dev/path_provider_android-2.2.22/
[        ] Found plugin llamadart at /opt/UnitySrc/personal/ocs-test/llama_dart/
[   +2 ms] Found plugin file_picker at /Users/jhin.lee/.pub-cache/hosted/pub.dev/file_picker-8.3.7/
[   +4 ms] Found plugin flutter_plugin_android_lifecycle at /Users/jhin.lee/.pub-cache/hosted/pub.dev/flutter_plugin_android_lifecycle-2.0.33/
[  +23 ms] Found plugin shared_preferences at /Users/jhin.lee/.pub-cache/hosted/pub.dev/shared_preferences-2.5.4/
[        ] Found plugin shared_preferences_windows at /Users/jhin.lee/.pub-cache/hosted/pub.dev/shared_preferences_windows-2.4.1/
[   +1 ms] Found plugin path_provider_windows at /Users/jhin.lee/.pub-cache/hosted/pub.dev/path_provider_windows-2.3.0/
[   +1 ms] Found plugin shared_preferences_web at /Users/jhin.lee/.pub-cache/hosted/pub.dev/shared_preferences_web-2.4.3/
[   +1 ms] Found plugin shared_preferences_linux at /Users/jhin.lee/.pub-cache/hosted/pub.dev/shared_preferences_linux-2.4.1/
[        ] Found plugin path_provider_linux at /Users/jhin.lee/.pub-cache/hosted/pub.dev/path_provider_linux-2.2.1/
[        ] Found plugin shared_preferences_foundation at /Users/jhin.lee/.pub-cache/hosted/pub.dev/shared_preferences_foundation-2.5.6/
[        ] Found plugin shared_preferences_android at /Users/jhin.lee/.pub-cache/hosted/pub.dev/shared_preferences_android-2.4.20/
[   +1 ms] Found plugin path_provider at /Users/jhin.lee/.pub-cache/hosted/pub.dev/path_provider-2.1.5/
[        ] Found plugin path_provider_foundation at /Users/jhin.lee/.pub-cache/hosted/pub.dev/path_provider_foundation-2.6.0/
[   +3 ms] Found plugin path_provider_android at /Users/jhin.lee/.pub-cache/hosted/pub.dev/path_provider_android-2.2.22/
[        ] Found plugin llamadart at /opt/UnitySrc/personal/ocs-test/llama_dart/
[   +1 ms] Found plugin file_picker at /Users/jhin.lee/.pub-cache/hosted/pub.dev/file_picker-8.3.7/
[        ] Found plugin flutter_plugin_android_lifecycle at /Users/jhin.lee/.pub-cache/hosted/pub.dev/flutter_plugin_android_lifecycle-2.0.33/
[   +6 ms] Skipping generating web_plugin_registrant.dart because it is up-to-date.
[   +9 ms] Found plugin shared_preferences at /Users/jhin.lee/.pub-cache/hosted/pub.dev/shared_preferences-2.5.4/
[        ] Found plugin shared_preferences_windows at /Users/jhin.lee/.pub-cache/hosted/pub.dev/shared_preferences_windows-2.4.1/
[        ] Found plugin path_provider_windows at /Users/jhin.lee/.pub-cache/hosted/pub.dev/path_provider_windows-2.3.0/
[   +1 ms] Found plugin shared_preferences_web at /Users/jhin.lee/.pub-cache/hosted/pub.dev/shared_preferences_web-2.4.3/
[        ] Found plugin shared_preferences_linux at /Users/jhin.lee/.pub-cache/hosted/pub.dev/shared_preferences_linux-2.4.1/
[        ] Found plugin path_provider_linux at /Users/jhin.lee/.pub-cache/hosted/pub.dev/path_provider_linux-2.2.1/
[   +2 ms] Found plugin shared_preferences_foundation at /Users/jhin.lee/.pub-cache/hosted/pub.dev/shared_preferences_foundation-2.5.6/
[        ] Found plugin shared_preferences_android at /Users/jhin.lee/.pub-cache/hosted/pub.dev/shared_preferences_android-2.4.20/
[   +2 ms] Found plugin path_provider at /Users/jhin.lee/.pub-cache/hosted/pub.dev/path_provider-2.1.5/
[        ] Found plugin path_provider_foundation at /Users/jhin.lee/.pub-cache/hosted/pub.dev/path_provider_foundation-2.6.0/
[   +7 ms] Found plugin path_provider_android at /Users/jhin.lee/.pub-cache/hosted/pub.dev/path_provider_android-2.2.22/
[        ] Found plugin llamadart at /opt/UnitySrc/personal/ocs-test/llama_dart/
[   +1 ms] Found plugin file_picker at /Users/jhin.lee/.pub-cache/hosted/pub.dev/file_picker-8.3.7/
[        ] Found plugin flutter_plugin_android_lifecycle at /Users/jhin.lee/.pub-cache/hosted/pub.dev/flutter_plugin_android_lifecycle-2.0.33/
[   +3 ms] Generating /opt/UnitySrc/personal/ocs-test/llama_dart/example/chat_app/android/app/src/main/java/io/flutter/plugins/GeneratedPluginRegistrant.java
[        ] Skipping generating GeneratedPluginRegistrant.java because it is up-to-date.
[   +1 ms] Skipping generating generated_plugin_registrant.h because it is up-to-date.
[        ] Skipping generating generated_plugin_registrant.cc because it is up-to-date.
[        ] Skipping generating generated_plugins.cmake because it is up-to-date.
[        ] Skipping generating generated_plugin_registrant.h because it is up-to-date.
[        ] Skipping generating generated_plugin_registrant.cc because it is up-to-date.
[        ] Skipping generating generated_plugins.cmake because it is up-to-date.
[        ] Skipping generating GeneratedPluginRegistrant.h because it is up-to-date.
[        ] Skipping generating GeneratedPluginRegistrant.m because it is up-to-date.
[        ] Skipping generating GeneratedPluginRegistrant.swift because it is up-to-date.
[   +5 ms] executing: sysctl hw.optional.arm64
[   +2 ms] Exit code 0 from: sysctl hw.optional.arm64
[        ] hw.optional.arm64: 1
[        ] executing: /usr/bin/arch -arm64e xcrun xcodebuild -version
[ +102 ms] Exit code 0 from: /usr/bin/arch -arm64e xcrun xcodebuild -version
[        ] Xcode 26.2
           Build version 17C52
[  +21 ms] executing: /usr/bin/plutil -convert xml1 -o - /opt/UnitySrc/personal/ocs-test/llama_dart/example/chat_app/macos/Runner/Info.plist
[   +7 ms] Exit code 0 from: /usr/bin/plutil -convert xml1 -o - /opt/UnitySrc/personal/ocs-test/llama_dart/example/chat_app/macos/Runner/Info.plist
[        ] <?xml version="1.0" encoding="UTF-8"?>
           <!DOCTYPE plist PUBLIC "-//Apple//DTD PLIST 1.0//EN" "http://www.apple.com/DTDs/PropertyList-1.0.dtd">
           <plist version="1.0">
           <dict>
           	<key>CFBundleDevelopmentRegion</key>
           	<string>$(DEVELOPMENT_LANGUAGE)</string>
           	<key>CFBundleExecutable</key>
           	<string>$(EXECUTABLE_NAME)</string>
           	<key>CFBundleIconFile</key>
           	<string></string>
           	<key>CFBundleIdentifier</key>
           	<string>$(PRODUCT_BUNDLE_IDENTIFIER)</string>
           	<key>CFBundleInfoDictionaryVersion</key>
           	<string>6.0</string>
           	<key>CFBundleName</key>
           	<string>$(PRODUCT_NAME)</string>
           	<key>CFBundlePackageType</key>
           	<string>APPL</string>
           	<key>CFBundleShortVersionString</key>
           	<string>$(FLUTTER_BUILD_NAME)</string>
           	<key>CFBundleVersion</key>
           	<string>$(FLUTTER_BUILD_NUMBER)</string>
           	<key>LSMinimumSystemVersion</key>
           	<string>$(MACOSX_DEPLOYMENT_TARGET)</string>
           	<key>NSHumanReadableCopyright</key>
           	<string>$(PRODUCT_COPYRIGHT)</string>
           	<key>NSMainNibFile</key>
           	<string>MainMenu</string>
           	<key>NSPrincipalClass</key>
           	<string>NSApplication</string>
           </dict>
           </plist>
[  +23 ms] The Swift Package Manager feature is off. Skipping the migration that adds Swift Package Manager integration...
[   +1 ms] executing: [/opt/UnitySrc/personal/ocs-test/llama_dart/example/chat_app/macos/] /usr/bin/arch -arm64e xcrun xcodebuild -list -project Runner.xcodeproj
[ +591 ms] Command line invocation:
               /Applications/Xcode.app/Contents/Developer/usr/bin/xcodebuild -list -project Runner.xcodeproj

           Information about project "Runner":
               Targets:
                   Runner
                   RunnerTests
                   Flutter Assemble

               Build Configurations:
                   Debug
                   Release
                   Profile

               If no build configuration is specified and -scheme is not passed then "Release" is used.

               Schemes:
                   Flutter Assemble
                   Runner
[   +1 ms] executing: [/opt/UnitySrc/personal/ocs-test/llama_dart/example/chat_app/macos/] /usr/bin/arch -arm64e xcrun xcodebuild -list
[ +560 ms] Command line invocation:
               /Applications/Xcode.app/Contents/Developer/usr/bin/xcodebuild -list

           Information about project "Runner":
               Targets:
                   Runner
                   RunnerTests
                   Flutter Assemble

               Build Configurations:
                   Debug
                   Release
                   Profile

               If no build configuration is specified and -scheme is not passed then "Release" is used.

               Schemes:
                   Flutter Assemble
                   Runner
[   +2 ms] executing: [/opt/UnitySrc/personal/ocs-test/llama_dart/example/chat_app/macos/Runner.xcodeproj/] /usr/bin/arch -arm64e xcrun xcodebuild -project /opt/UnitySrc/personal/ocs-test/llama_dart/example/chat_app/macos/Runner.xcodeproj -scheme Runner -configuration Release -destination generic/platform=macOS -showBuildSettings BUILD_DIR=/opt/UnitySrc/personal/ocs-test/llama_dart/example/chat_app/build/macos
[        ] executing: [/opt/UnitySrc/personal/ocs-test/llama_dart/example/chat_app/macos/Runner.xcodeproj/] /usr/bin/arch -arm64e xcrun xcodebuild -project /opt/UnitySrc/personal/ocs-test/llama_dart/example/chat_app/macos/Runner.xcodeproj -scheme Runner -configuration Release -destination generic/platform=macOS -showBuildSettings BUILD_DIR=/opt/UnitySrc/personal/ocs-test/llama_dart/example/chat_app/build/macos
[ +748 ms] Command line invocation:
               /Applications/Xcode.app/Contents/Developer/usr/bin/xcodebuild -project /opt/UnitySrc/personal/ocs-test/llama_dart/example/chat_app/macos/Runner.xcodeproj -scheme Runner -configuration Release -destination generic/platform=macOS -showBuildSettings BUILD_DIR=/opt/UnitySrc/personal/ocs-test/llama_dart/example/chat_app/build/macos

           Build settings from command line:
               BUILD_DIR = /opt/UnitySrc/personal/ocs-test/llama_dart/example/chat_app/build/macos

           Build settings for action build and target Runner:
               ACTION = build
               AD_HOC_CODE_SIGNING_ALLOWED = YES
               AGGREGATE_TRACKED_DOMAINS = YES
               ALLOW_BUILD_REQUEST_OVERRIDES = NO
               ALLOW_TARGET_PLATFORM_SPECIALIZATION = NO
               ALTERNATE_GROUP = staff
               ALTERNATE_MODE = u+w,go-w,a+rX
               ALTERNATE_OWNER = jhin.lee
               ALTERNATIVE_DISTRIBUTION_WEB = NO
               ALWAYS_EMBED_SWIFT_STANDARD_LIBRARIES = YES
               ALWAYS_SEARCH_USER_PATHS = NO
               ALWAYS_USE_SEPARATE_HEADERMAPS = NO
               ANDROID_DEPLOYMENT_TARGET = 21.0
               APPLICATION_EXTENSION_API_ONLY = NO
               APPLY_RULES_IN_COPY_FILES = NO
               APPLY_RULES_IN_COPY_HEADERS = NO
               APP_SHORTCUTS_ENABLE_FLEXIBLE_MATCHING = YES
               ARCHS = arm64 x86_64
               ARCHS_STANDARD = arm64 x86_64
               ARCHS_STANDARD_32_64_BIT = arm64 x86_64 i386
               ARCHS_STANDARD_32_BIT = i386
               ARCHS_STANDARD_64_BIT = arm64 x86_64
               ARCHS_STANDARD_INCLUDING_64_BIT = arm64 x86_64
               ASSETCATALOG_COMPILER_APPICON_NAME = AppIcon
               ASSETCATALOG_COMPILER_GENERATE_SWIFT_ASSET_SYMBOL_EXTENSIONS = YES
               AUTOMATICALLY_MERGE_DEPENDENCIES = NO
               AUTOMATION_APPLE_EVENTS = NO
               AVAILABLE_PLATFORMS = android appletvos appletvsimulator driverkit iphoneos iphonesimulator macosx qnx watchos watchsimulator webassembly xros xrsimulator
               BUILD_ACTIVE_RESOURCES_ONLY = NO
               BUILD_COMPONENTS = headers build
               BUILD_DIR = /opt/UnitySrc/personal/ocs-test/llama_dart/example/chat_app/build/macos
               BUILD_LIBRARY_FOR_DISTRIBUTION = NO
               BUILD_ROOT = /Users/jhin.lee/Library/Developer/Xcode/DerivedData/Runner-ciwnjfdvdamafdgvykirsmelqlhp/Build/Products
               BUILD_STYLE = 
               BUILD_VARIANTS = normal
               BUILT_PRODUCTS_DIR = /opt/UnitySrc/personal/ocs-test/llama_dart/example/chat_app/build/macos/Release
               BUNDLE_CONTENTS_FOLDER_PATH = Contents/
               BUNDLE_CONTENTS_FOLDER_PATH_deep = Contents/
               BUNDLE_EXECUTABLE_FOLDER_NAME_deep = MacOS
               BUNDLE_EXECUTABLE_FOLDER_PATH = Contents/MacOS
               BUNDLE_EXTENSIONS_FOLDER_PATH = Contents/Extensions
               BUNDLE_FORMAT = deep
               BUNDLE_FRAMEWORKS_FOLDER_PATH = Contents/Frameworks
               BUNDLE_PLUGINS_FOLDER_PATH = Contents/PlugIns
               BUNDLE_PRIVATE_HEADERS_FOLDER_PATH = Contents/PrivateHeaders
               BUNDLE_PUBLIC_HEADERS_FOLDER_PATH = Contents/Headers
               CACHE_ROOT = /var/folders/9_/h5bvyjnn6677zls0flsw6yv80000gn/C/com.apple.DeveloperTools/26.2-17C52/Xcode
               CCHROOT = /var/folders/9_/h5bvyjnn6677zls0flsw6yv80000gn/C/com.apple.DeveloperTools/26.2-17C52/Xcode
               CHMOD = /bin/chmod
               CHOWN = /usr/sbin/chown
               CLANG_ANALYZER_NONNULL = YES
               CLANG_ANALYZER_NUMBER_OBJECT_CONVERSION = YES_AGGRESSIVE
               CLANG_CACHE_FINE_GRAINED_OUTPUTS = YES
               CLANG_CXX_LANGUAGE_STANDARD = gnu++14
               CLANG_CXX_LIBRARY = libc++
               CLANG_ENABLE_EXPLICIT_MODULES = YES
               CLANG_ENABLE_MODULES = YES
               CLANG_ENABLE_OBJC_ARC = YES
               CLANG_MODULES_BUILD_SESSION_FILE = /Users/jhin.lee/Library/Developer/Xcode/DerivedData/ModuleCache.noindex/Session.modulevalidation
               CLANG_UNDEFINED_BEHAVIOR_SANITIZER_NULLABILITY = YES
               CLANG_WARN_BLOCK_CAPTURE_AUTORELEASING = YES
               CLANG_WARN_BOOL_CONVERSION = YES
               CLANG_WARN_COMMA = YES
               CLANG_WARN_CONSTANT_CONVERSION = YES
               CLANG_WARN_DEPRECATED_OBJC_IMPLEMENTATIONS = YES
               CLANG_WARN_DIRECT_OBJC_ISA_USAGE = YES_ERROR
               CLANG_WARN_DOCUMENTATION_COMMENTS = YES
               CLANG_WARN_EMPTY_BODY = YES
               CLANG_WARN_ENUM_CONVERSION = YES
               CLANG_WARN_INFINITE_RECURSION = YES
               CLANG_WARN_INT_CONVERSION = YES
               CLANG_WARN_NON_LITERAL_NULL_CONVERSION = YES
               CLANG_WARN_OBJC_IMPLICIT_RETAIN_SELF = YES
               CLANG_WARN_OBJC_LITERAL_CONVERSION = YES
               CLANG_WARN_OBJC_REPEATED_USE_OF_WEAK = YES
               CLANG_WARN_OBJC_ROOT_CLASS = YES_ERROR
               CLANG_WARN_PRAGMA_PACK = YES
               CLANG_WARN_QUOTED_INCLUDE_IN_FRAMEWORK_HEADER = NO
               CLANG_WARN_RANGE_LOOP_ANALYSIS = YES
               CLANG_WARN_STRICT_PROTOTYPES = YES
               CLANG_WARN_SUSPICIOUS_MOVE = YES
               CLANG_WARN_UNGUARDED_AVAILABILITY = YES_AGGRESSIVE
               CLANG_WARN_UNREACHABLE_CODE = YES
               CLANG_WARN__DUPLICATE_METHOD_MATCH = YES
               CLASS_FILE_DIR = /Users/jhin.lee/Library/Developer/Xcode/DerivedData/Runner-ciwnjfdvdamafdgvykirsmelqlhp/Build/Intermediates.noindex/Runner.build/Release/Runner.build/JavaClasses
               CLEAN_PRECOMPS = YES
               CLONE_HEADERS = NO
               COCOAPODS_PARALLEL_CODE_SIGN = true
               CODESIGNING_FOLDER_PATH = /opt/UnitySrc/personal/ocs-test/llama_dart/example/chat_app/build/macos/Release/llamadart_chat_example.app
               CODE_SIGNING_ALLOWED = YES
               CODE_SIGNING_REQUIRED = YES
               CODE_SIGN_ENTITLEMENTS = Runner/Release.entitlements
               CODE_SIGN_IDENTITY = -
               CODE_SIGN_IDENTITY_NO = Apple Development
               CODE_SIGN_IDENTITY_YES = -
               CODE_SIGN_INJECT_BASE_ENTITLEMENTS = YES
               CODE_SIGN_STYLE = Automatic
               COLOR_DIAGNOSTICS = NO
               COMBINE_HIDPI_IMAGES = YES
               COMPILATION_CACHE_CAS_PATH = /Users/jhin.lee/Library/Developer/Xcode/DerivedData/CompilationCache.noindex
               COMPILATION_CACHE_KEEP_CAS_DIRECTORY = YES
               COMPILER_INDEX_STORE_ENABLE = Default
               COMPOSITE_SDK_DIRS = /Users/jhin.lee/Library/Developer/Xcode/DerivedData/Runner-ciwnjfdvdamafdgvykirsmelqlhp/Build/Intermediates.noindex/CompositeSDKs
               COMPRESS_PNG_FILES = NO
               CONFIGURATION = Release
               CONFIGURATION_BUILD_DIR = /opt/UnitySrc/personal/ocs-test/llama_dart/example/chat_app/build/macos/Release
               CONFIGURATION_TEMP_DIR = /Users/jhin.lee/Library/Developer/Xcode/DerivedData/Runner-ciwnjfdvdamafdgvykirsmelqlhp/Build/Intermediates.noindex/Runner.build/Release
               CONTENTS_FOLDER_PATH = llamadart_chat_example.app/Contents
               CONTENTS_FOLDER_PATH_SHALLOW_BUNDLE_NO = llamadart_chat_example.app/Contents
               CONTENTS_FOLDER_PATH_SHALLOW_BUNDLE_YES = llamadart_chat_example.app
               COPYING_PRESERVES_HFS_DATA = NO
               COPY_HEADERS_RUN_UNIFDEF = NO
               COPY_PHASE_STRIP = NO
               CP = /bin/cp
               CREATE_INFOPLIST_SECTION_IN_BINARY = NO
               CURRENT_ARCH = undefined_arch
               CURRENT_VARIANT = normal
               DART_DEFINES = RkxVVFRFUl9WRVJTSU9OPTMuMzguNw==,RkxVVFRFUl9DSEFOTkVMPXN0YWJsZQ==,RkxVVFRFUl9HSVRfVVJMPWh0dHBzOi8vZ2l0aHViLmNvbS9mbHV0dGVyL2ZsdXR0ZXIuZ2l0,RkxVVFRFUl9GUkFNRVdPUktfUkVWSVNJT049M2I2MmVmYzJhMw==,RkxVVFRFUl9FTkdJTkVfUkVWSVNJT049NzhmYzMwMTJlNA==,RkxVVFRFUl9EQVJUX1ZFUlNJT049My4xMC43
               DART_OBFUSCATION = false
               DEAD_CODE_STRIPPING = YES
               DEBUGGING_SYMBOLS = YES
               DEBUG_INFORMATION_FORMAT = dwarf-with-dsym
               DEBUG_INFORMATION_VERSION = compiler-default
               DEFAULT_COMPILER = com.apple.compilers.llvm.clang.1_0
               DEFAULT_DEXT_INSTALL_PATH = /System/Library/DriverExtensions
               DEFAULT_KEXT_INSTALL_PATH = /System/Library/Extensions
               DEFINES_MODULE = NO
               DEPLOYMENT_LOCATION = NO
               DEPLOYMENT_POSTPROCESSING = NO
               DEPLOYMENT_TARGET_SETTING_NAME = MACOSX_DEPLOYMENT_TARGET
               DEPLOYMENT_TARGET_SUGGESTED_VALUES = 10.13 10.14 10.15 11.0 11.1 11.2 11.3 11.4 11.5 12.0 12.2 12.3 12.4 13.0 13.1 13.2 13.3 13.4 13.5 14.0 14.1 14.2 14.3 14.4 14.5 14.6 15.0 15.1 15.2 15.3 15.4 15.5 15.6 26.0 26.1 26.2
               DERIVED_FILES_DIR = /Users/jhin.lee/Library/Developer/Xcode/DerivedData/Runner-ciwnjfdvdamafdgvykirsmelqlhp/Build/Intermediates.noindex/Runner.build/Release/Runner.build/DerivedSources
               DERIVED_FILE_DIR = /Users/jhin.lee/Library/Developer/Xcode/DerivedData/Runner-ciwnjfdvdamafdgvykirsmelqlhp/Build/Intermediates.noindex/Runner.build/Release/Runner.build/DerivedSources
               DERIVED_SOURCES_DIR = /Users/jhin.lee/Library/Developer/Xcode/DerivedData/Runner-ciwnjfdvdamafdgvykirsmelqlhp/Build/Intermediates.noindex/Runner.build/Release/Runner.build/DerivedSources
               DEVELOPER_APPLICATIONS_DIR = /Applications/Xcode.app/Contents/Developer/Applications
               DEVELOPER_BIN_DIR = /Applications/Xcode.app/Contents/Developer/usr/bin
               DEVELOPER_DIR = /Applications/Xcode.app/Contents/Developer
               DEVELOPER_FRAMEWORKS_DIR = /Applications/Xcode.app/Contents/Developer/Library/Frameworks
               DEVELOPER_FRAMEWORKS_DIR_QUOTED = /Applications/Xcode.app/Contents/Developer/Library/Frameworks
               DEVELOPER_LIBRARY_DIR = /Applications/Xcode.app/Contents/Developer/Library
               DEVELOPER_SDK_DIR = /Applications/Xcode.app/Contents/Developer/Platforms/MacOSX.platform/Developer/SDKs
               DEVELOPER_TOOLS_DIR = /Applications/Xcode.app/Contents/Developer/Tools
               DEVELOPER_USR_DIR = /Applications/Xcode.app/Contents/Developer/usr
               DEVELOPMENT_LANGUAGE = en
               DIAGNOSE_MISSING_TARGET_DEPENDENCIES = YES
               DIFF = /usr/bin/diff
               DOCUMENTATION_FOLDER_PATH = llamadart_chat_example.app/Contents/Resources/en.lproj/Documentation
               DONT_GENERATE_INFOPLIST_FILE = NO
               DRIVERKIT_DEPLOYMENT_TARGET = 25.2
               DSTROOT = /tmp/Runner.dst
               DT_TOOLCHAIN_DIR = /Applications/Xcode.app/Contents/Developer/Toolchains/XcodeDefault.xctoolchain
               DWARF_DSYM_FILE_NAME = llamadart_chat_example.app.dSYM
               DWARF_DSYM_FILE_SHOULD_ACCOMPANY_PRODUCT = NO
               DWARF_DSYM_FOLDER_PATH = /opt/UnitySrc/personal/ocs-test/llama_dart/example/chat_app/build/macos/Release
               DYNAMIC_LIBRARY_EXTENSION = dylib
               EAGER_COMPILATION_ALLOW_SCRIPTS = NO
               EAGER_LINKING = NO
               EMBEDDED_CONTENT_CONTAINS_SWIFT = NO
               EMBEDDED_PROFILE_NAME = embedded.provisionprofile
               EMBED_ASSET_PACKS_IN_PRODUCT_BUNDLE = NO
               ENABLE_APP_SANDBOX = NO
               ENABLE_CODE_COVERAGE = YES
               ENABLE_CPLUSPLUS_BOUNDS_SAFE_BUFFERS = NO
               ENABLE_C_BOUNDS_SAFETY = NO
               ENABLE_DEBUG_DYLIB = YES
               ENABLE_DEFAULT_HEADER_SEARCH_PATHS = YES
               ENABLE_DEFAULT_SEARCH_PATHS = YES
               ENABLE_ENHANCED_SECURITY = NO
               ENABLE_HARDENED_RUNTIME = NO
               ENABLE_HEADER_DEPENDENCIES = YES
               ENABLE_INCOMING_NETWORK_CONNECTIONS = NO
               ENABLE_NS_ASSERTIONS = NO
               ENABLE_ON_DEMAND_RESOURCES = NO
               ENABLE_OUTGOING_NETWORK_CONNECTIONS = NO
               ENABLE_POINTER_AUTHENTICATION = NO
               ENABLE_RESOURCE_ACCESS_AUDIO_INPUT = NO
               ENABLE_RESOURCE_ACCESS_BLUETOOTH = NO
               ENABLE_RESOURCE_ACCESS_CALENDARS = NO
               ENABLE_RESOURCE_ACCESS_CAMERA = NO
               ENABLE_RESOURCE_ACCESS_CONTACTS = NO
               ENABLE_RESOURCE_ACCESS_LOCATION = NO
               ENABLE_RESOURCE_ACCESS_PHOTO_LIBRARY = NO
               ENABLE_RESOURCE_ACCESS_PRINTING = NO
               ENABLE_RESOURCE_ACCESS_USB = NO
               ENABLE_SDK_IMPORTS = NO
               ENABLE_SECURITY_COMPILER_WARNINGS = NO
               ENABLE_STRICT_OBJC_MSGSEND = YES
               ENABLE_TESTABILITY = NO
               ENABLE_TESTING_SEARCH_PATHS = NO
               ENABLE_USER_SCRIPT_SANDBOXING = NO
               ENFORCE_VALID_ARCHS = YES
               ENTITLEMENTS_ALLOWED = YES
               ENTITLEMENTS_DESTINATION = Signature
               ENTITLEMENTS_REQUIRED = NO
               EXCLUDED_INSTALLSRC_SUBDIRECTORY_PATTERNS = .DS_Store .svn .git .hg CVS
               EXCLUDED_RECURSIVE_SEARCH_PATH_SUBDIRECTORIES = *.nib *.lproj *.framework *.gch *.xcode* *.xcassets *.icon (*) .DS_Store CVS .svn .git .hg *.pbproj *.pbxproj
               EXECUTABLES_FOLDER_PATH = llamadart_chat_example.app/Contents/Executables
               EXECUTABLE_FOLDER_PATH = llamadart_chat_example.app/Contents/MacOS
               EXECUTABLE_FOLDER_PATH_SHALLOW_BUNDLE_NO = llamadart_chat_example.app/Contents/MacOS
               EXECUTABLE_FOLDER_PATH_SHALLOW_BUNDLE_YES = llamadart_chat_example.app/Contents
               EXECUTABLE_NAME = llamadart_chat_example
               EXECUTABLE_PATH = llamadart_chat_example.app/Contents/MacOS/llamadart_chat_example
               EXTENSIONS_FOLDER_PATH = llamadart_chat_example.app/Contents/Extensions
               FILE_LIST = /Users/jhin.lee/Library/Developer/Xcode/DerivedData/Runner-ciwnjfdvdamafdgvykirsmelqlhp/Build/Intermediates.noindex/Runner.build/Release/Runner.build/Objects/LinkFileList
               FIXED_FILES_DIR = /Users/jhin.lee/Library/Developer/Xcode/DerivedData/Runner-ciwnjfdvdamafdgvykirsmelqlhp/Build/Intermediates.noindex/Runner.build/Release/Runner.build/FixedFiles
               FLUTTER_APPLICATION_PATH = /opt/UnitySrc/personal/ocs-test/llama_dart/example/chat_app
               FLUTTER_BUILD_DIR = build
               FLUTTER_BUILD_NAME = 1.1.0
               FLUTTER_BUILD_NUMBER = 1.1.0
               FLUTTER_ROOT = /Users/jhin.lee/development/flutter
               FLUTTER_TARGET = lib/main.dart
               FRAMEWORKS_FOLDER_PATH = llamadart_chat_example.app/Contents/Frameworks
               FRAMEWORK_FLAG_PREFIX = -framework
               FRAMEWORK_SEARCH_PATHS = /opt/UnitySrc/personal/ocs-test/llama_dart/example/chat_app/build/macos/Release  "/opt/UnitySrc/personal/ocs-test/llama_dart/example/chat_app/build/macos/Release/file_picker" "/opt/UnitySrc/personal/ocs-test/llama_dart/example/chat_app/build/macos/Release/shared_preferences_foundation"
               FRAMEWORK_VERSION = A
               FULL_PRODUCT_NAME = llamadart_chat_example.app
               FUSE_BUILD_PHASES = YES
               FUSE_BUILD_SCRIPT_PHASES = NO
               GCC3_VERSION = 3.3
               GCC_C_LANGUAGE_STANDARD = gnu11
               GCC_DYNAMIC_NO_PIC = NO
               GCC_INLINES_ARE_PRIVATE_EXTERN = YES
               GCC_NO_COMMON_BLOCKS = YES
               GCC_PFE_FILE_C_DIALECTS = c objective-c c++ objective-c++
               GCC_PREPROCESSOR_DEFINITIONS =  COCOAPODS=1
               GCC_SYMBOLS_PRIVATE_EXTERN = YES
               GCC_TREAT_WARNINGS_AS_ERRORS = NO
               GCC_VERSION = com.apple.compilers.llvm.clang.1_0
               GCC_VERSION_IDENTIFIER = com_apple_compilers_llvm_clang_1_0
               GCC_WARN_64_TO_32_BIT_CONVERSION = YES
               GCC_WARN_ABOUT_RETURN_TYPE = YES_ERROR
               GCC_WARN_SHADOW = YES
               GCC_WARN_STRICT_SELECTOR_MATCH = YES
               GCC_WARN_UNDECLARED_SELECTOR = YES
               GCC_WARN_UNINITIALIZED_AUTOS = YES_AGGRESSIVE
               GCC_WARN_UNUSED_FUNCTION = YES
               GCC_WARN_UNUSED_VARIABLE = YES
               GENERATED_MODULEMAP_DIR = /Users/jhin.lee/Library/Developer/Xcode/DerivedData/Runner-ciwnjfdvdamafdgvykirsmelqlhp/Build/Intermediates.noindex/GeneratedModuleMaps
               GENERATE_INFOPLIST_FILE = NO
               GENERATE_INTERMEDIATE_TEXT_BASED_STUBS = YES
               GENERATE_PKGINFO_FILE = YES
               GENERATE_PRELINK_OBJECT_FILE = NO
               GENERATE_PROFILING_CODE = NO
               GENERATE_TEXT_BASED_STUBS = NO
               GID = 20
               GROUP = staff
               HEADERMAP_INCLUDES_FLAT_ENTRIES_FOR_TARGET_BEING_BUILT = YES
               HEADERMAP_INCLUDES_FRAMEWORK_ENTRIES_FOR_ALL_PRODUCT_TYPES = YES
               HEADERMAP_INCLUDES_FRAMEWORK_ENTRIES_FOR_TARGETS_NOT_BEING_BUILT = YES
               HEADERMAP_INCLUDES_NONPUBLIC_NONPRIVATE_HEADERS = YES
               HEADERMAP_INCLUDES_PROJECT_HEADERS = YES
               HEADERMAP_USES_FRAMEWORK_PREFIX_ENTRIES = YES
               HEADERMAP_USES_VFS = NO
               HEADER_SEARCH_PATHS = /opt/UnitySrc/personal/ocs-test/llama_dart/example/chat_app/build/macos/Release/include  "/opt/UnitySrc/personal/ocs-test/llama_dart/example/chat_app/build/macos/Release/file_picker/file_picker.framework/Headers" "/opt/UnitySrc/personal/ocs-test/llama_dart/example/chat_app/build/macos/Release/shared_preferences_foundation/shared_preferences_foundation.framework/Headers"
               HOME = /Users/jhin.lee
               HOST_ARCH = arm64
               HOST_PLATFORM = macosx
               ICONV = /usr/bin/iconv
               IMPLICIT_DEPENDENCY_DOMAIN = default
               INFOPLIST_ENABLE_CFBUNDLEICONS_MERGE = YES
               INFOPLIST_EXPAND_BUILD_SETTINGS = YES
               INFOPLIST_FILE = Runner/Info.plist
               INFOPLIST_OUTPUT_FORMAT = same-as-input
               INFOPLIST_PATH = llamadart_chat_example.app/Contents/Info.plist
               INFOPLIST_PREPROCESS = NO
               INFOSTRINGS_PATH = llamadart_chat_example.app/Contents/Resources/en.lproj/InfoPlist.strings
               INLINE_PRIVATE_FRAMEWORKS = NO
               INSTALLAPI_IGNORE_SKIP_INSTALL = YES
               INSTALLHDRS_COPY_PHASE = NO
               INSTALLHDRS_SCRIPT_PHASE = NO
               INSTALL_DIR = /tmp/Runner.dst/Applications
               INSTALL_GROUP = staff
               INSTALL_MODE_FLAG = u+w,go-w,a+rX
               INSTALL_OWNER = jhin.lee
               INSTALL_PATH = /Applications
               INSTALL_ROOT = /tmp/Runner.dst
               IOS_UNZIPPERED_TWIN_PREFIX_PATH = /System/iOSSupport
               IPHONEOS_DEPLOYMENT_TARGET = 26.2
               IS_MACCATALYST = NO
               IS_UNOPTIMIZED_BUILD = NO
               JAVAC_DEFAULT_FLAGS = -J-Xms64m -J-XX:NewSize=4M -J-Dfile.encoding=UTF8
               JAVA_APP_STUB = /System/Library/Frameworks/JavaVM.framework/Resources/MacOS/JavaApplicationStub
               JAVA_ARCHIVE_CLASSES = YES
               JAVA_ARCHIVE_TYPE = JAR
               JAVA_COMPILER = /usr/bin/javac
               JAVA_FOLDER_PATH = llamadart_chat_example.app/Contents/Resources/Java
               JAVA_FRAMEWORK_RESOURCES_DIRS = Resources
               JAVA_JAR_FLAGS = cv
               JAVA_SOURCE_SUBDIR = .
               JAVA_USE_DEPENDENCIES = YES
               JAVA_ZIP_FLAGS = -urg
               JIKES_DEFAULT_FLAGS = +E +OLDCSO
               KASAN_CFLAGS_CLASSIC = -DKASAN=1 -DKASAN_CLASSIC=1 -fsanitize=address -mllvm -asan-globals-live-support -mllvm -asan-force-dynamic-shadow
               KASAN_CFLAGS_TBI = -DKASAN=1 -DKASAN_TBI=1 -fsanitize=kernel-hwaddress -mllvm -hwasan-recover=0 -mllvm -hwasan-instrument-atomics=0 -mllvm -hwasan-instrument-stack=1 -mllvm -hwasan-generate-tags-with-calls=1 -mllvm -hwasan-instrument-with-calls=1 -mllvm -hwasan-use-short-granules=0 -mllvm -hwasan-memory-access-callback-prefix=__asan_
               KASAN_DEFAULT_CFLAGS = -DKASAN=1 -DKASAN_CLASSIC=1 -fsanitize=address -mllvm -asan-globals-live-support -mllvm -asan-force-dynamic-shadow
               KEEP_PRIVATE_EXTERNS = NO
               LD_DEPENDENCY_INFO_FILE = /Users/jhin.lee/Library/Developer/Xcode/DerivedData/Runner-ciwnjfdvdamafdgvykirsmelqlhp/Build/Intermediates.noindex/Runner.build/Release/Runner.build/Objects-normal/undefined_arch/llamadart_chat_example_dependency_info.dat
               LD_EXPORT_SYMBOLS = YES
               LD_GENERATE_MAP_FILE = NO
               LD_MAP_FILE_PATH = /Users/jhin.lee/Library/Developer/Xcode/DerivedData/Runner-ciwnjfdvdamafdgvykirsmelqlhp/Build/Intermediates.noindex/Runner.build/Release/Runner.build/llamadart_chat_example-LinkMap-normal-undefined_arch.txt
               LD_NO_PIE = NO
               LD_QUOTE_LINKER_ARGUMENTS_FOR_COMPILER_DRIVER = YES
               LD_RUNPATH_SEARCH_PATHS =  /usr/lib/swift '@executable_path/../Frameworks' '@loader_path/Frameworks' "/Applications/Xcode.app/Contents/Developer/Toolchains/XcodeDefault.xctoolchain/usr/lib/swift/macosx" @executable_path/../Frameworks
               LD_RUNPATH_SEARCH_PATHS_YES = @loader_path/../Frameworks
               LD_SHARED_CACHE_ELIGIBLE = Automatic
               LD_WARN_DUPLICATE_LIBRARIES = NO
               LD_WARN_UNUSED_DYLIBS = NO
               LEGACY_DEVELOPER_DIR = /Applications/Xcode.app/Contents/PlugIns/Xcode3Core.ideplugin/Contents/SharedSupport/Developer
               LEX = lex
               LIBRARY_DEXT_INSTALL_PATH = /Library/DriverExtensions
               LIBRARY_FLAG_NOSPACE = YES
               LIBRARY_FLAG_PREFIX = -l
               LIBRARY_KEXT_INSTALL_PATH = /Library/Extensions
               LIBRARY_SEARCH_PATHS = /opt/UnitySrc/personal/ocs-test/llama_dart/example/chat_app/build/macos/Release /Applications/Xcode.app/Contents/Developer/Toolchains/XcodeDefault.xctoolchain/usr/lib/swift/macosx /Applications/Xcode.app/Contents/Developer/Platforms/MacOSX.platform/Developer/SDKs/MacOSX26.2.sdk/usr/lib/swift /Applications/Xcode.app/Contents/Developer/Toolchains/XcodeDefault.xctoolchain/usr/lib/swift/macosx /Applications/Xcode.app/Contents/Developer/Platforms/MacOSX.platform/Developer/SDKs/MacOSX26.2.sdk/usr/lib/swift
               LINKER_DISPLAYS_MANGLED_NAMES = NO
               LINK_FILE_LIST_normal_arm64 = /Users/jhin.lee/Library/Developer/Xcode/DerivedData/Runner-ciwnjfdvdamafdgvykirsmelqlhp/Build/Intermediates.noindex/Runner.build/Release/Runner.build/Objects-normal/arm64/llamadart_chat_example.LinkFileList
               LINK_FILE_LIST_normal_x86_64 = /Users/jhin.lee/Library/Developer/Xcode/DerivedData/Runner-ciwnjfdvdamafdgvykirsmelqlhp/Build/Intermediates.noindex/Runner.build/Release/Runner.build/Objects-normal/x86_64/llamadart_chat_example.LinkFileList
               LINK_OBJC_RUNTIME = YES
               LINK_WITH_STANDARD_LIBRARIES = YES
               LLVM_TARGET_TRIPLE_OS_VERSION = macos10.15
               LLVM_TARGET_TRIPLE_OS_VERSION_NO = macos10.15
               LLVM_TARGET_TRIPLE_OS_VERSION_YES = macos26.2
               LLVM_TARGET_TRIPLE_VENDOR = apple
               LM_AUX_CONST_METADATA_LIST_PATH_normal_arm64 = /Users/jhin.lee/Library/Developer/Xcode/DerivedData/Runner-ciwnjfdvdamafdgvykirsmelqlhp/Build/Intermediates.noindex/Runner.build/Release/Runner.build/Objects-normal/arm64/llamadart_chat_example.SwiftConstValuesFileList
               LM_AUX_CONST_METADATA_LIST_PATH_normal_x86_64 = /Users/jhin.lee/Library/Developer/Xcode/DerivedData/Runner-ciwnjfdvdamafdgvykirsmelqlhp/Build/Intermediates.noindex/Runner.build/Release/Runner.build/Objects-normal/x86_64/llamadart_chat_example.SwiftConstValuesFileList
               LOCALIZATION_EXPORT_SUPPORTED = YES
               LOCALIZATION_PREFERS_STRING_CATALOGS = NO
               LOCALIZED_RESOURCES_FOLDER_PATH = llamadart_chat_example.app/Contents/Resources/en.lproj
               LOCALIZED_STRING_MACRO_NAMES = NSLocalizedString CFCopyLocalizedString
               LOCALIZED_STRING_SWIFTUI_SUPPORT = YES
               LOCAL_ADMIN_APPS_DIR = /Applications/Utilities
               LOCAL_APPS_DIR = /Applications
               LOCAL_DEVELOPER_DIR = /Library/Developer
               LOCAL_LIBRARY_DIR = /Library
               LOCROOT = /opt/UnitySrc/personal/ocs-test/llama_dart/example/chat_app/macos
               LOCSYMROOT = /opt/UnitySrc/personal/ocs-test/llama_dart/example/chat_app/macos
               MACH_O_TYPE = mh_execute
               MACOSX_DEPLOYMENT_TARGET = 10.15
               MAC_OS_X_PRODUCT_BUILD_VERSION = 25C56
               MAC_OS_X_VERSION_ACTUAL = 260200
               MAC_OS_X_VERSION_MAJOR = 260000
               MAC_OS_X_VERSION_MINOR = 260200
               MAKE_MERGEABLE = NO
               MERGEABLE_LIBRARY = NO
               MERGED_BINARY_TYPE = none
               MERGE_LINKED_LIBRARIES = NO
               METAL_LIBRARY_FILE_BASE = default
               METAL_LIBRARY_OUTPUT_DIR = /opt/UnitySrc/personal/ocs-test/llama_dart/example/chat_app/build/macos/Release/llamadart_chat_example.app/Contents/Resources
               MODULES_FOLDER_PATH = llamadart_chat_example.app/Contents/Modules
               MODULE_CACHE_DIR = /Users/jhin.lee/Library/Developer/Xcode/DerivedData/ModuleCache.noindex
               MTL_ENABLE_DEBUG_INFO = NO
               NATIVE_ARCH = arm64
               NATIVE_ARCH_32_BIT = arm
               NATIVE_ARCH_64_BIT = arm64
               NATIVE_ARCH_ACTUAL = arm64
               NO_COMMON = YES
               OBJECT_FILE_DIR = /Users/jhin.lee/Library/Developer/Xcode/DerivedData/Runner-ciwnjfdvdamafdgvykirsmelqlhp/Build/Intermediates.noindex/Runner.build/Release/Runner.build/Objects
               OBJECT_FILE_DIR_normal = /Users/jhin.lee/Library/Developer/Xcode/DerivedData/Runner-ciwnjfdvdamafdgvykirsmelqlhp/Build/Intermediates.noindex/Runner.build/Release/Runner.build/Objects-normal
               OBJROOT = /Users/jhin.lee/Library/Developer/Xcode/DerivedData/Runner-ciwnjfdvdamafdgvykirsmelqlhp/Build/Intermediates.noindex
               ONLY_ACTIVE_ARCH = NO
               OS = MACOS
               OSAC = /usr/bin/osacompile
               OTHER_LDFLAGS =  -framework "file_picker" -framework "shared_preferences_foundation"
               OTHER_MODULE_VERIFIER_FLAGS =  "-F/opt/UnitySrc/personal/ocs-test/llama_dart/example/chat_app/build/macos/Release/FlutterMacOS" "-F/opt/UnitySrc/personal/ocs-test/llama_dart/example/chat_app/build/macos/Release/file_picker" "-F/opt/UnitySrc/personal/ocs-test/llama_dart/example/chat_app/build/macos/Release/shared_preferences_foundation"
               OTHER_SWIFT_FLAGS =  -D COCOAPODS
               PACKAGE_CONFIG = /opt/UnitySrc/personal/ocs-test/llama_dart/example/chat_app/.dart_tool/package_config.json
               PACKAGE_TYPE = com.apple.package-type.wrapper.application
               PASCAL_STRINGS = YES
               PATH = /Applications/Xcode.app/Contents/SharedFrameworks/SwiftBuild.framework/Versions/A/PlugIns/SWBBuildService.bundle/Contents/PlugIns/SWBUniversalPlatformPlugin.bundle/Contents/Frameworks/SWBUniversalPlatform.framework/Resources:/Applications/Xcode.app/Contents/Developer/Toolchains/XcodeDefault.xctoolchain/usr/bin:/Applications/Xcode.app/Contents/Developer/Toolchains/XcodeDefault.xctoolchain/usr/local/bin:/Applications/Xcode.app/Contents/Developer/Toolchains/XcodeDefault.xctoolchain/usr/libexec:/Applications/Xcode.app/Contents/Developer/Platforms/MacOSX.platform/usr/bin:/Applications/Xcode.app/Contents/Developer/Platforms/MacOSX.platform/usr/local/bin:/Applications/Xcode.app/Contents/Developer/Platforms/MacOSX.platform/Developer/usr/bin:/Applications/Xcode.app/Contents/Developer/Platforms/MacOSX.platform/Developer/usr/local/bin:/Applications/Xcode.app/Contents/Developer/usr/bin:/Applications/Xcode.app/Contents/Developer/usr/local/bin:/Users/jhin.lee/.bun/bin:/opt/homebrew/opt/ruby/bin:/Users/jhin.lee/.antigravity/antigravity/bin:/Users/jhin.lee/.codeium/windsurf/bin:/opt/homebrew/opt/llvm/bin:/Users/jhin.lee/development/google-cloud-sdk/bin:/Users/jhin.lee/development/flutter/bin/:/Users/jhin.lee/.rbenv/shims:/Users/jhin.lee/.rbenv/bin:/Users/jhin.lee/.gvm/pkgsets/go1.24.2/global/bin:/Users/jhin.lee/.gvm/gos/go1.24.2/bin:/Users/jhin.lee/.gvm/pkgsets/go1.24.2/global/overlay/bin:/Users/jhin.lee/.gvm/bin:/Users/jhin.lee/.nvm/versions/node/v22.16.0/bin:/opt/homebrew/bin:/opt/homebrew/sbin:/usr/local/bin:/System/Cryptexes/App/usr/bin:/usr/bin:/bin:/usr/sbin:/sbin:/var/run/com.apple.security.cryptexd/codex.system/bootstrap/usr/local/bin:/var/run/com.apple.security.cryptexd/codex.system/bootstrap/usr/bin:/var/run/com.apple.security.cryptexd/codex.system/bootstrap/usr/appleinternal/bin:/opt/pmk/env/global/bin:/opt/X11/bin:/Library/Apple/usr/bin:/usr/local/share/dotnet:/Library/Frameworks/Mono.framework/Versions/Current/Commands:/usr/local/munki:/opt/podman/bin:/Users/jhin.lee/.local/bin:/Users/jhin.lee/.cargo/bin:/Applications/Ghostty.app/Contents/MacOS:/opt/UnitySrc/personal/ocs-test/llama_dart/flutter/bin:/Users/jhin.lee/.pub-cache/bin:/Users/jhin.lee/development/flutter/bin:/Users/jhin.lee/Library/Application Support/Dart/install/bin:/Users/jhin.lee/.antigravity/extensions/vscjava.vscode-java-debug-0.58.5-universal/bundled/scripts/noConfigScripts:/Users/jhin.lee/.antigravity/extensions/ms-python.debugpy-2025.18.0-darwin-arm64/bundled/scripts/noConfigScripts
               PATH_PREFIXES_EXCLUDED_FROM_HEADER_DEPENDENCIES = /usr/include /usr/local/include /System/Library/Frameworks /System/Library/PrivateFrameworks /Applications/Xcode.app/Contents/Developer/Headers /Applications/Xcode.app/Contents/Developer/SDKs /Applications/Xcode.app/Contents/Developer/Platforms
               PBDEVELOPMENTPLIST_PATH = llamadart_chat_example.app/Contents/pbdevelopment.plist
               PER_ARCH_MODULE_FILE_DIR = /Users/jhin.lee/Library/Developer/Xcode/DerivedData/Runner-ciwnjfdvdamafdgvykirsmelqlhp/Build/Intermediates.noindex/Runner.build/Release/Runner.build/Objects-normal/undefined_arch
               PER_ARCH_OBJECT_FILE_DIR = /Users/jhin.lee/Library/Developer/Xcode/DerivedData/Runner-ciwnjfdvdamafdgvykirsmelqlhp/Build/Intermediates.noindex/Runner.build/Release/Runner.build/Objects-normal/undefined_arch
               PER_VARIANT_OBJECT_FILE_DIR = /Users/jhin.lee/Library/Developer/Xcode/DerivedData/Runner-ciwnjfdvdamafdgvykirsmelqlhp/Build/Intermediates.noindex/Runner.build/Release/Runner.build/Objects-normal
               PKGINFO_FILE_PATH = /Users/jhin.lee/Library/Developer/Xcode/DerivedData/Runner-ciwnjfdvdamafdgvykirsmelqlhp/Build/Intermediates.noindex/Runner.build/Release/Runner.build/PkgInfo
               PKGINFO_PATH = llamadart_chat_example.app/Contents/PkgInfo
               PLATFORM_DEVELOPER_APPLICATIONS_DIR = /Applications/Xcode.app/Contents/Developer/Applications
               PLATFORM_DEVELOPER_BIN_DIR = /Applications/Xcode.app/Contents/Developer/usr/bin
               PLATFORM_DEVELOPER_LIBRARY_DIR = /Applications/Xcode.app/Contents/Developer/Library
               PLATFORM_DEVELOPER_SDK_DIR = /Applications/Xcode.app/Contents/Developer/Platforms/MacOSX.platform/Developer/SDKs
               PLATFORM_DEVELOPER_TOOLS_DIR = /Applications/Xcode.app/Contents/Developer/Tools
               PLATFORM_DEVELOPER_USR_DIR = /Applications/Xcode.app/Contents/Developer/usr
               PLATFORM_DIR = /Applications/Xcode.app/Contents/Developer/Platforms/MacOSX.platform
               PLATFORM_DISPLAY_NAME = macOS
               PLATFORM_FAMILY_NAME = macOS
               PLATFORM_NAME = macosx
               PLATFORM_PREFERRED_ARCH = x86_64
               PLATFORM_PRODUCT_BUILD_VERSION = 25C57
               PLATFORM_REQUIRES_SWIFT_AUTOLINK_EXTRACT = NO
               PLATFORM_REQUIRES_SWIFT_MODULEWRAP = NO
               PLIST_FILE_OUTPUT_FORMAT = same-as-input
               PLUGINS_FOLDER_PATH = llamadart_chat_example.app/Contents/PlugIns
               PODS_BUILD_DIR = /opt/UnitySrc/personal/ocs-test/llama_dart/example/chat_app/build/macos
               PODS_CONFIGURATION_BUILD_DIR = /opt/UnitySrc/personal/ocs-test/llama_dart/example/chat_app/build/macos/Release
               PODS_PODFILE_DIR_PATH = /opt/UnitySrc/personal/ocs-test/llama_dart/example/chat_app/macos/.
               PODS_ROOT = /opt/UnitySrc/personal/ocs-test/llama_dart/example/chat_app/macos/Pods
               PODS_XCFRAMEWORKS_BUILD_DIR = /opt/UnitySrc/personal/ocs-test/llama_dart/example/chat_app/build/macos/Release/XCFrameworkIntermediates
               PRECOMPS_INCLUDE_HEADERS_FROM_BUILT_PRODUCTS_DIR = YES
               PRECOMP_DESTINATION_DIR = /Users/jhin.lee/Library/Developer/Xcode/DerivedData/Runner-ciwnjfdvdamafdgvykirsmelqlhp/Build/Intermediates.noindex/Runner.build/Release/Runner.build/PrefixHeaders
               PRIVATE_HEADERS_FOLDER_PATH = llamadart_chat_example.app/Contents/PrivateHeaders
               PROCESSED_INFOPLIST_PATH = /Users/jhin.lee/Library/Developer/Xcode/DerivedData/Runner-ciwnjfdvdamafdgvykirsmelqlhp/Build/Intermediates.noindex/Runner.build/Release/Runner.build/Objects-normal/undefined_arch/Processed-Info.plist
               PRODUCT_BUNDLE_IDENTIFIER = com.example.llamaDartChatExample
               PRODUCT_BUNDLE_PACKAGE_TYPE = APPL
               PRODUCT_COPYRIGHT = Copyright Â© 2026 com.example. All rights reserved.
               PRODUCT_MODULE_NAME = llamadart_chat_example
               PRODUCT_NAME = llamadart_chat_example
               PRODUCT_SETTINGS_PATH = /opt/UnitySrc/personal/ocs-test/llama_dart/example/chat_app/macos/Runner/Info.plist
               PRODUCT_TYPE = com.apple.product-type.application
               PROFILING_CODE = NO
               PROJECT = Runner
               PROJECT_DERIVED_FILE_DIR = /Users/jhin.lee/Library/Developer/Xcode/DerivedData/Runner-ciwnjfdvdamafdgvykirsmelqlhp/Build/Intermediates.noindex/Runner.build/DerivedSources
               PROJECT_DIR = /opt/UnitySrc/personal/ocs-test/llama_dart/example/chat_app/macos
               PROJECT_FILE_PATH = /opt/UnitySrc/personal/ocs-test/llama_dart/example/chat_app/macos/Runner.xcodeproj
               PROJECT_GUID = 18c1723432283e0cc55f10a6dcfd9e02
               PROJECT_NAME = Runner
               PROJECT_TEMP_DIR = /Users/jhin.lee/Library/Developer/Xcode/DerivedData/Runner-ciwnjfdvdamafdgvykirsmelqlhp/Build/Intermediates.noindex/Runner.build
               PROJECT_TEMP_ROOT = /Users/jhin.lee/Library/Developer/Xcode/DerivedData/Runner-ciwnjfdvdamafdgvykirsmelqlhp/Build/Intermediates.noindex
               PROVISIONING_PROFILE_REQUIRED = NO
               PROVISIONING_PROFILE_REQUIRED_YES_YES = YES
               PROVISIONING_PROFILE_SUPPORTED = YES
               PUBLIC_HEADERS_FOLDER_PATH = llamadart_chat_example.app/Contents/Headers
               RECOMMENDED_MACOSX_DEPLOYMENT_TARGET = 11.0
               RECURSIVE_SEARCH_PATHS_FOLLOW_SYMLINKS = YES
               REMOVE_CVS_FROM_RESOURCES = YES
               REMOVE_GIT_FROM_RESOURCES = YES
               REMOVE_HEADERS_FROM_EMBEDDED_BUNDLES = YES
               REMOVE_HG_FROM_RESOURCES = YES
               REMOVE_STATIC_EXECUTABLES_FROM_EMBEDDED_BUNDLES = YES
               REMOVE_SVN_FROM_RESOURCES = YES
               RESCHEDULE_INDEPENDENT_HEADERS_PHASES = YES
               REZ_COLLECTOR_DIR = /Users/jhin.lee/Library/Developer/Xcode/DerivedData/Runner-ciwnjfdvdamafdgvykirsmelqlhp/Build/Intermediates.noindex/Runner.build/Release/Runner.build/ResourceManagerResources
               REZ_OBJECTS_DIR = /Users/jhin.lee/Library/Developer/Xcode/DerivedData/Runner-ciwnjfdvdamafdgvykirsmelqlhp/Build/Intermediates.noindex/Runner.build/Release/Runner.build/ResourceManagerResources/Objects
               REZ_SEARCH_PATHS = /opt/UnitySrc/personal/ocs-test/llama_dart/example/chat_app/build/macos/Release 
               RUNTIME_EXCEPTION_ALLOW_DYLD_ENVIRONMENT_VARIABLES = NO
               RUNTIME_EXCEPTION_ALLOW_JIT = NO
               RUNTIME_EXCEPTION_ALLOW_UNSIGNED_EXECUTABLE_MEMORY = NO
               RUNTIME_EXCEPTION_DEBUGGING_TOOL = NO
               RUNTIME_EXCEPTION_DISABLE_EXECUTABLE_PAGE_PROTECTION = NO
               RUNTIME_EXCEPTION_DISABLE_LIBRARY_VALIDATION = NO
               SCAN_ALL_SOURCE_FILES_FOR_INCLUDES = NO
               SCRIPTS_FOLDER_PATH = llamadart_chat_example.app/Contents/Resources/Scripts
               SDKROOT = /Applications/Xcode.app/Contents/Developer/Platforms/MacOSX.platform/Developer/SDKs/MacOSX26.2.sdk
               SDK_DIR = /Applications/Xcode.app/Contents/Developer/Platforms/MacOSX.platform/Developer/SDKs/MacOSX26.2.sdk
               SDK_DIR_macosx = /Applications/Xcode.app/Contents/Developer/Platforms/MacOSX.platform/Developer/SDKs/MacOSX26.2.sdk
               SDK_DIR_macosx26_2 = /Applications/Xcode.app/Contents/Developer/Platforms/MacOSX.platform/Developer/SDKs/MacOSX26.2.sdk
               SDK_NAME = macosx26.2
               SDK_NAMES = macosx26.2
               SDK_PRODUCT_BUILD_VERSION = 25C57
               SDK_STAT_CACHE_DIR = /Users/jhin.lee/Library/Developer/Xcode/DerivedData
               SDK_STAT_CACHE_ENABLE = YES
               SDK_STAT_CACHE_PATH = /Users/jhin.lee/Library/Developer/Xcode/DerivedData/SDKStatCaches.noindex/macosx26.2-25C57-00fa09913b459cbbc988d1f6730289ae.sdkstatcache
               SDK_VERSION = 26.2
               SDK_VERSION_ACTUAL = 260200
               SDK_VERSION_MAJOR = 260000
               SDK_VERSION_MINOR = 260200
               SED = /usr/bin/sed
               SEPARATE_STRIP = NO
               SEPARATE_SYMBOL_EDIT = NO
               SET_DIR_MODE_OWNER_GROUP = YES
               SET_FILE_MODE_OWNER_GROUP = NO
               SHALLOW_BUNDLE = NO
               SHALLOW_BUNDLE_PLATFORM = NO
               SHALLOW_BUNDLE_TRIPLE = macos
               SHALLOW_BUNDLE_ios_macabi = NO
               SHALLOW_BUNDLE_macos = NO
               SHARED_DERIVED_FILE_DIR = /opt/UnitySrc/personal/ocs-test/llama_dart/example/chat_app/build/macos/Release/DerivedSources
               SHARED_FRAMEWORKS_FOLDER_PATH = llamadart_chat_example.app/Contents/SharedFrameworks
               SHARED_PRECOMPS_DIR = /Users/jhin.lee/Library/Developer/Xcode/DerivedData/Runner-ciwnjfdvdamafdgvykirsmelqlhp/Build/Intermediates.noindex/PrecompiledHeaders
               SHARED_SUPPORT_FOLDER_PATH = llamadart_chat_example.app/Contents/SharedSupport
               SKIP_INSTALL = NO
               SOURCE_ROOT = /opt/UnitySrc/personal/ocs-test/llama_dart/example/chat_app/macos
               SRCROOT = /opt/UnitySrc/personal/ocs-test/llama_dart/example/chat_app/macos
               STRINGSDATA_DIR = /Users/jhin.lee/Library/Developer/Xcode/DerivedData/Runner-ciwnjfdvdamafdgvykirsmelqlhp/Build/Intermediates.noindex/Runner.build/Release/Runner.build/Objects-normal/undefined_arch
               STRINGSDATA_ROOT = /Users/jhin.lee/Library/Developer/Xcode/DerivedData/Runner-ciwnjfdvdamafdgvykirsmelqlhp/Build/Intermediates.noindex/Runner.build/Release/Runner.build
               STRINGS_FILE_INFOPLIST_RENAME = YES
               STRINGS_FILE_OUTPUT_ENCODING = UTF-16
               STRING_CATALOG_GENERATE_SYMBOLS = NO
               STRIP_BITCODE_FROM_COPIED_FILES = NO
               STRIP_INSTALLED_PRODUCT = YES
               STRIP_PNG_TEXT = NO
               STRIP_STYLE = all
               STRIP_SWIFT_SYMBOLS = YES
               SUPPORTED_PLATFORMS = macosx
               SUPPORTS_MACCATALYST = NO
               SUPPORTS_ON_DEMAND_RESOURCES = NO
               SUPPORTS_TEXT_BASED_API = NO
               SUPPRESS_WARNINGS = NO
               SWIFT_COMPILATION_MODE = wholemodule
               SWIFT_EMIT_CONST_VALUE_PROTOCOLS = AppIntent EntityQuery AppEntity TransientEntity AppEnum AppShortcutProviding AppShortcutsProvider AnyResolverProviding AppIntentsPackage DynamicOptionsProvider _IntentValueRepresentable _AssistantIntentsProvider _GenerativeFunctionExtractable IntentValueQuery Resolver AppExtension ExtensionPointDefining
               SWIFT_EMIT_LOC_STRINGS = NO
               SWIFT_ENABLE_EXPLICIT_MODULES = YES
               SWIFT_OPTIMIZATION_LEVEL = -O
               SWIFT_PLATFORM_TARGET_PREFIX = macos
               SWIFT_RESPONSE_FILE_PATH_normal_arm64 = /Users/jhin.lee/Library/Developer/Xcode/DerivedData/Runner-ciwnjfdvdamafdgvykirsmelqlhp/Build/Intermediates.noindex/Runner.build/Release/Runner.build/Objects-normal/arm64/llamadart_chat_example.SwiftFileList
               SWIFT_RESPONSE_FILE_PATH_normal_x86_64 = /Users/jhin.lee/Library/Developer/Xcode/DerivedData/Runner-ciwnjfdvdamafdgvykirsmelqlhp/Build/Intermediates.noindex/Runner.build/Release/Runner.build/Objects-normal/x86_64/llamadart_chat_example.SwiftFileList
               SWIFT_VERSION = 5.0
               SYMROOT = /Users/jhin.lee/Library/Developer/Xcode/DerivedData/Runner-ciwnjfdvdamafdgvykirsmelqlhp/Build/Products
               SYSTEM_ADMIN_APPS_DIR = /Applications/Utilities
               SYSTEM_APPS_DIR = /Applications
               SYSTEM_CORE_SERVICES_DIR = /System/Library/CoreServices
               SYSTEM_DEMOS_DIR = /Applications/Extras
               SYSTEM_DEVELOPER_APPS_DIR = /Applications/Xcode.app/Contents/Developer/Applications
               SYSTEM_DEVELOPER_BIN_DIR = /Applications/Xcode.app/Contents/Developer/usr/bin
               SYSTEM_DEVELOPER_DEMOS_DIR = /Applications/Xcode.app/Contents/Developer/Applications/Utilities/Built Examples
               SYSTEM_DEVELOPER_DIR = /Applications/Xcode.app/Contents/Developer
               SYSTEM_DEVELOPER_DOC_DIR = /Applications/Xcode.app/Contents/Developer/ADC Reference Library
               SYSTEM_DEVELOPER_GRAPHICS_TOOLS_DIR = /Applications/Xcode.app/Contents/Developer/Applications/Graphics Tools
               SYSTEM_DEVELOPER_JAVA_TOOLS_DIR = /Applications/Xcode.app/Contents/Developer/Applications/Java Tools
               SYSTEM_DEVELOPER_PERFORMANCE_TOOLS_DIR = /Applications/Xcode.app/Contents/Developer/Applications/Performance Tools
               SYSTEM_DEVELOPER_RELEASENOTES_DIR = /Applications/Xcode.app/Contents/Developer/ADC Reference Library/releasenotes
               SYSTEM_DEVELOPER_TOOLS = /Applications/Xcode.app/Contents/Developer/Tools
               SYSTEM_DEVELOPER_TOOLS_DOC_DIR = /Applications/Xcode.app/Contents/Developer/ADC Reference Library/documentation/DeveloperTools
               SYSTEM_DEVELOPER_TOOLS_RELEASENOTES_DIR = /Applications/Xcode.app/Contents/Developer/ADC Reference Library/releasenotes/DeveloperTools
               SYSTEM_DEVELOPER_USR_DIR = /Applications/Xcode.app/Contents/Developer/usr
               SYSTEM_DEVELOPER_UTILITIES_DIR = /Applications/Xcode.app/Contents/Developer/Applications/Utilities
               SYSTEM_DEXT_INSTALL_PATH = /System/Library/DriverExtensions
               SYSTEM_DOCUMENTATION_DIR = /Library/Documentation
               SYSTEM_EXTENSIONS_FOLDER_PATH = llamadart_chat_example.app/Contents/Library/SystemExtensions
               SYSTEM_EXTENSIONS_FOLDER_PATH_SHALLOW_BUNDLE_NO = llamadart_chat_example.app/Contents/Library/SystemExtensions
               SYSTEM_EXTENSIONS_FOLDER_PATH_SHALLOW_BUNDLE_YES = llamadart_chat_example.app/Contents/SystemExtensions
               SYSTEM_KEXT_INSTALL_PATH = /System/Library/Extensions
               SYSTEM_LIBRARY_DIR = /System/Library
               TAPI_DEMANGLE = YES
               TAPI_ENABLE_PROJECT_HEADERS = NO
               TAPI_LANGUAGE = objective-c
               TAPI_LANGUAGE_STANDARD = compiler-default
               TAPI_USE_SRCROOT = YES
               TAPI_VERIFY_MODE = Pedantic
               TARGETNAME = Runner
               TARGET_BUILD_DIR = /opt/UnitySrc/personal/ocs-test/llama_dart/example/chat_app/build/macos/Release
               TARGET_NAME = Runner
               TARGET_TEMP_DIR = /Users/jhin.lee/Library/Developer/Xcode/DerivedData/Runner-ciwnjfdvdamafdgvykirsmelqlhp/Build/Intermediates.noindex/Runner.build/Release/Runner.build
               TEMP_DIR = /Users/jhin.lee/Library/Developer/Xcode/DerivedData/Runner-ciwnjfdvdamafdgvykirsmelqlhp/Build/Intermediates.noindex/Runner.build/Release/Runner.build
               TEMP_FILES_DIR = /Users/jhin.lee/Library/Developer/Xcode/DerivedData/Runner-ciwnjfdvdamafdgvykirsmelqlhp/Build/Intermediates.noindex/Runner.build/Release/Runner.build
               TEMP_FILE_DIR = /Users/jhin.lee/Library/Developer/Xcode/DerivedData/Runner-ciwnjfdvdamafdgvykirsmelqlhp/Build/Intermediates.noindex/Runner.build/Release/Runner.build
               TEMP_ROOT = /Users/jhin.lee/Library/Developer/Xcode/DerivedData/Runner-ciwnjfdvdamafdgvykirsmelqlhp/Build/Intermediates.noindex
               TEMP_SANDBOX_DIR = /Users/jhin.lee/Library/Developer/Xcode/DerivedData/Runner-ciwnjfdvdamafdgvykirsmelqlhp/Build/Intermediates.noindex/TemporaryTaskSandboxes
               TEST_FRAMEWORK_SEARCH_PATHS =  /Applications/Xcode.app/Contents/Developer/Platforms/MacOSX.platform/Developer/Library/Frameworks
               TEST_LIBRARY_SEARCH_PATHS =  /Applications/Xcode.app/Contents/Developer/Platforms/MacOSX.platform/Developer/usr/lib
               TOOLCHAINS = com.apple.dt.toolchain.XcodeDefault
               TOOLCHAIN_DIR = /Applications/Xcode.app/Contents/Developer/Toolchains/XcodeDefault.xctoolchain
               TRACK_WIDGET_CREATION = true
               TREAT_MISSING_BASELINES_AS_TEST_FAILURES = NO
               TREAT_MISSING_SCRIPT_PHASE_OUTPUTS_AS_ERRORS = NO
               TREE_SHAKE_ICONS = true
               TVOS_DEPLOYMENT_TARGET = 26.2
               UID = 501
               UNINSTALLED_PRODUCTS_DIR = /Users/jhin.lee/Library/Developer/Xcode/DerivedData/Runner-ciwnjfdvdamafdgvykirsmelqlhp/Build/Intermediates.noindex/UninstalledProducts
               UNLOCALIZED_RESOURCES_FOLDER_PATH = llamadart_chat_example.app/Contents/Resources
               UNLOCALIZED_RESOURCES_FOLDER_PATH_SHALLOW_BUNDLE_NO = llamadart_chat_example.app/Contents/Resources
               UNLOCALIZED_RESOURCES_FOLDER_PATH_SHALLOW_BUNDLE_YES = llamadart_chat_example.app/Contents
               UNSTRIPPED_PRODUCT = NO
               USER = jhin.lee
               USER_APPS_DIR = /Users/jhin.lee/Applications
               USER_LIBRARY_DIR = /Users/jhin.lee/Library
               USE_DYNAMIC_NO_PIC = YES
               USE_HEADERMAP = YES
               USE_HEADER_SYMLINKS = NO
               USE_RECURSIVE_SCRIPT_INPUTS_IN_SCRIPT_PHASES = YES
               VALIDATE_DEVELOPMENT_ASSET_PATHS = YES_ERROR
               VALIDATE_PRODUCT = NO
               VALID_ARCHS = arm64 arm64e i386 x86_64
               VERBOSE_PBXCP = NO
               VERSIONPLIST_PATH = llamadart_chat_example.app/Contents/version.plist
               VERSION_INFO_BUILDER = jhin.lee
               VERSION_INFO_FILE = llamadart_chat_example_vers.c
               VERSION_INFO_STRING = "@(#)PROGRAM:llamadart_chat_example  PROJECT:Runner-"
               WARNING_CFLAGS = -Wall -Wconditional-uninitialized -Wnullable-to-nonnull-conversion -Wmissing-method-return-type -Woverlength-strings
               WATCHOS_DEPLOYMENT_TARGET = 26.2
               WORKSPACE_DIR = /opt/UnitySrc/personal/ocs-test/llama_dart/example/chat_app/macos/Runner.xcodeproj
               WRAPPER_EXTENSION = app
               WRAPPER_NAME = llamadart_chat_example.app
               WRAPPER_SUFFIX = .app
               WRAP_ASSET_PACKS_IN_SEPARATE_DIRECTORIES = NO
               XCODE_APP_SUPPORT_DIR = /Applications/Xcode.app/Contents/Developer/Library/Xcode
               XCODE_PRODUCT_BUILD_VERSION = 17C52
               XCODE_VERSION_ACTUAL = 2620
               XCODE_VERSION_MAJOR = 2600
               XCODE_VERSION_MINOR = 2620
               XPCSERVICES_FOLDER_PATH = llamadart_chat_example.app/Contents/XPCServices
               XROS_DEPLOYMENT_TARGET = 26.2
               YACC = yacc
               _BOOL_ = NO
               _BOOL_NO = NO
               _BOOL_YES = YES
               _DEVELOPMENT_TEAM_IS_EMPTY = YES
               _DISCOVER_COMMAND_LINE_LINKER_INPUTS = YES
               _DISCOVER_COMMAND_LINE_LINKER_INPUTS_INCLUDE_WL = YES
               _IS_EMPTY_ = YES
               _LD_MULTIARCH = YES
               _MACOSX_DEPLOYMENT_TARGET_IS_EMPTY = NO
               _WRAPPER_CONTENTS_DIR = /Contents
               _WRAPPER_CONTENTS_DIR_SHALLOW_BUNDLE_NO = /Contents
               _WRAPPER_PARENT_PATH = /..
               _WRAPPER_PARENT_PATH_SHALLOW_BUNDLE_NO = /..
               _WRAPPER_RESOURCES_DIR = /Resources
               _WRAPPER_RESOURCES_DIR_SHALLOW_BUNDLE_NO = /Resources
               __DIAGNOSE_DEPRECATED_ARCHS = YES
               __IS_NOT_MACOS = NO
               __IS_NOT_MACOS_macosx = NO
               __IS_NOT_SIMULATOR = YES
               __IS_NOT_SIMULATOR_simulator = NO
               arch = undefined_arch
               variant = normal
[  +20 ms] Found plugin shared_preferences at /Users/jhin.lee/.pub-cache/hosted/pub.dev/shared_preferences-2.5.4/
[        ] Found plugin shared_preferences_windows at /Users/jhin.lee/.pub-cache/hosted/pub.dev/shared_preferences_windows-2.4.1/
[        ] Found plugin path_provider_windows at /Users/jhin.lee/.pub-cache/hosted/pub.dev/path_provider_windows-2.3.0/
[   +1 ms] Found plugin shared_preferences_web at /Users/jhin.lee/.pub-cache/hosted/pub.dev/shared_preferences_web-2.4.3/
[        ] Found plugin shared_preferences_linux at /Users/jhin.lee/.pub-cache/hosted/pub.dev/shared_preferences_linux-2.4.1/
[        ] Found plugin path_provider_linux at /Users/jhin.lee/.pub-cache/hosted/pub.dev/path_provider_linux-2.2.1/
[        ] Found plugin shared_preferences_foundation at /Users/jhin.lee/.pub-cache/hosted/pub.dev/shared_preferences_foundation-2.5.6/
[        ] Found plugin shared_preferences_android at /Users/jhin.lee/.pub-cache/hosted/pub.dev/shared_preferences_android-2.4.20/
[        ] Found plugin path_provider at /Users/jhin.lee/.pub-cache/hosted/pub.dev/path_provider-2.1.5/
[        ] Found plugin path_provider_foundation at /Users/jhin.lee/.pub-cache/hosted/pub.dev/path_provider_foundation-2.6.0/
[   +2 ms] Found plugin path_provider_android at /Users/jhin.lee/.pub-cache/hosted/pub.dev/path_provider_android-2.2.22/
[        ] Found plugin llamadart at /opt/UnitySrc/personal/ocs-test/llama_dart/
[   +1 ms] Found plugin file_picker at /Users/jhin.lee/.pub-cache/hosted/pub.dev/file_picker-8.3.7/
[        ] Found plugin flutter_plugin_android_lifecycle at /Users/jhin.lee/.pub-cache/hosted/pub.dev/flutter_plugin_android_lifecycle-2.0.33/
[   +9 ms] Building macOS application...
[        ] executing: /usr/bin/env xcrun xcodebuild -workspace /opt/UnitySrc/personal/ocs-test/llama_dart/example/chat_app/macos/Runner.xcworkspace -configuration Release -scheme Runner -derivedDataPath /opt/UnitySrc/personal/ocs-test/llama_dart/example/chat_app/build/macos -destination generic/platform=macOS OBJROOT=/opt/UnitySrc/personal/ocs-test/llama_dart/example/chat_app/build/macos/Build/Intermediates.noindex SYMROOT=/opt/UnitySrc/personal/ocs-test/llama_dart/example/chat_app/build/macos/Build/Products VERBOSE_SCRIPT_LOGGING=YES COMPILER_INDEX_STORE_ENABLE=NO
[ +350 ms] Command line invocation:
[        ]     /Applications/Xcode.app/Contents/Developer/usr/bin/xcodebuild -workspace /opt/UnitySrc/personal/ocs-test/llama_dart/example/chat_app/macos/Runner.xcworkspace -configuration Release -scheme Runner -derivedDataPath /opt/UnitySrc/personal/ocs-test/llama_dart/example/chat_app/build/macos -destination generic/platform=macOS OBJROOT=/opt/UnitySrc/personal/ocs-test/llama_dart/example/chat_app/build/macos/Build/Intermediates.noindex SYMROOT=/opt/UnitySrc/personal/ocs-test/llama_dart/example/chat_app/build/macos/Build/Products VERBOSE_SCRIPT_LOGGING=YES COMPILER_INDEX_STORE_ENABLE=NO
[        ] Build settings from command line:
[        ]     COMPILER_INDEX_STORE_ENABLE = NO
[        ]     OBJROOT = /opt/UnitySrc/personal/ocs-test/llama_dart/example/chat_app/build/macos/Build/Intermediates.noindex
[        ]     SYMROOT = /opt/UnitySrc/personal/ocs-test/llama_dart/example/chat_app/build/macos/Build/Products
[        ]     VERBOSE_SCRIPT_LOGGING = YES
[ +320 ms] ComputePackagePrebuildTargetDependencyGraph
[  +62 ms] Prepare packages
[   +1 ms] CreateBuildRequest
[        ] SendProjectDescription
[   +7 ms] CreateBuildOperation
[   +6 ms] ComputeTargetDependencyGraph
[  +35 ms] note: Building targets in dependency order
[        ] note: Target dependency graph (8 targets)
[        ]     Target 'Runner' in project 'Runner'
[        ]         â Explicit dependency on target 'Flutter Assemble' in project 'Runner'
[        ]         â Implicit dependency on target 'Pods-Runner' in project 'Pods' via file 'Pods_Runner.framework' in build phase 'Link Binary'
[        ]         â Implicit dependency on target 'file_picker' in project 'Pods' via options '-framework file_picker' in build setting 'OTHER_LDFLAGS'
[        ]         â Implicit dependency on target 'shared_preferences_foundation' in project 'Pods' via options '-framework shared_preferences_foundation' in build setting 'OTHER_LDFLAGS'
[        ]     Target 'Pods-Runner' in project 'Pods'
[        ]         â Explicit dependency on target 'FlutterMacOS' in project 'Pods'
[        ]         â Explicit dependency on target 'file_picker' in project 'Pods'
[        ]         â Explicit dependency on target 'shared_preferences_foundation' in project 'Pods'
[        ]     Target 'Flutter Assemble' in project 'Runner'
[        ]         â Implicit dependency on target 'file_picker' in project 'Pods' via options '-framework file_picker' in build setting 'OTHER_LDFLAGS'
[        ]         â Implicit dependency on target 'shared_preferences_foundation' in project 'Pods' via options '-framework shared_preferences_foundation' in build setting 'OTHER_LDFLAGS'
[        ]     Target 'shared_preferences_foundation' in project 'Pods'
[        ]         â Explicit dependency on target 'FlutterMacOS' in project 'Pods'
[        ]         â Explicit dependency on target 'shared_preferences_foundation-shared_preferences_foundation_privacy' in project 'Pods'
[        ]     Target 'shared_preferences_foundation-shared_preferences_foundation_privacy' in project 'Pods' (no dependencies)
[        ]     Target 'file_picker' in project 'Pods'
[        ]         â Explicit dependency on target 'FlutterMacOS' in project 'Pods'
[        ]         â Explicit dependency on target 'file_picker-file_picker_privacy' in project 'Pods'
[        ]     Target 'file_picker-file_picker_privacy' in project 'Pods' (no dependencies)
[        ]     Target 'FlutterMacOS' in project 'Pods' (no dependencies)
[        ] GatherProvisioningInputs
[  +57 ms] CreateBuildDescription
[  +20 ms] ExecuteExternalTool /Applications/Xcode.app/Contents/Developer/Toolchains/XcodeDefault.xctoolchain/usr/bin/clang -v -E -dM -isysroot /Applications/Xcode.app/Contents/Developer/Platforms/MacOSX.platform/Developer/SDKs/MacOSX26.2.sdk -x c -c /dev/null
[  +27 ms] ExecuteExternalTool /Applications/Xcode.app/Contents/Developer/Toolchains/XcodeDefault.xctoolchain/usr/bin/clang -v -E -dM -arch arm64 -isysroot /Applications/Xcode.app/Contents/Developer/Platforms/MacOSX.platform/Developer/SDKs/MacOSX26.2.sdk -x c -c /dev/null
[        ] ExecuteExternalTool /Applications/Xcode.app/Contents/Developer/usr/bin/actool --version --output-format xml1
[        ] ExecuteExternalTool /Applications/Xcode.app/Contents/Developer/usr/bin/ibtool --version --output-format xml1
[        ] ExecuteExternalTool /Applications/Xcode.app/Contents/Developer/Toolchains/XcodeDefault.xctoolchain/usr/bin/swiftc --version
[  +55 ms] ExecuteExternalTool /Applications/Xcode.app/Contents/Developer/Toolchains/XcodeDefault.xctoolchain/usr/bin/clang -v -E -dM -arch arm64 -isysroot /Applications/Xcode.app/Contents/Developer/Platforms/MacOSX.platform/Developer/SDKs/MacOSX26.2.sdk -x objective-c -c /dev/null
[        ] ExecuteExternalTool /Applications/Xcode.app/Contents/Developer/Toolchains/XcodeDefault.xctoolchain/usr/bin/libtool -V
[        ] ExecuteExternalTool /Applications/Xcode.app/Contents/Developer/Toolchains/XcodeDefault.xctoolchain/usr/bin/clang -v -E -dM -arch x86_64 -isysroot /Applications/Xcode.app/Contents/Developer/Platforms/MacOSX.platform/Developer/SDKs/MacOSX26.2.sdk -x c -c /dev/null
[        ] ExecuteExternalTool /Applications/Xcode.app/Contents/Developer/Toolchains/XcodeDefault.xctoolchain/usr/bin/clang -v -E -dM -arch x86_64 -isysroot /Applications/Xcode.app/Contents/Developer/Platforms/MacOSX.platform/Developer/SDKs/MacOSX26.2.sdk -x objective-c -c /dev/null
[  +21 ms] ExecuteExternalTool /Applications/Xcode.app/Contents/Developer/Toolchains/XcodeDefault.xctoolchain/usr/bin/ld -version_details
[  +25 ms] Build description signature: cfdc3278237891cc51e930f675f825dd
[        ] Build description path: /opt/UnitySrc/personal/ocs-test/llama_dart/example/chat_app/build/macos/Build/Intermediates.noindex/XCBuildData/cfdc3278237891cc51e930f675f825dd.xcbuilddata
[+5284 ms] error: unable to attach DB: error: accessing build database "/opt/UnitySrc/personal/ocs-test/llama_dart/example/chat_app/build/macos/Build/Intermediates.noindex/XCBuildData/build.db": database is locked Possibly there are two concurrent builds running in the same filesystem location.
[   +1 ms] note: Run script build phase 'Run Script' will be run during every build because the option to run the script phase "Based on dependency analysis" is unchecked. (in target 'Runner' from project 'Runner')
[   +1 ms] ** BUILD FAILED **
[        ] The following build commands failed:
[        ] 	Building workspace Runner with scheme Runner and configuration Release
[        ] (1 failure)
[  +16 ms] Building macOS application... (completed in 6.3s)
[        ] "flutter macos" took 8,600ms.
[   +2 ms] executing: sw_vers -productName
[   +9 ms] Exit code 0 from: sw_vers -productName
[        ] macOS
[        ] executing: sw_vers -productVersion
[   +9 ms] Exit code 0 from: sw_vers -productVersion
[        ] 26.2
[        ] executing: sw_vers -buildVersion
[   +8 ms] Exit code 0 from: sw_vers -buildVersion
[        ] 25C56
[        ] executing: uname -m
[   +3 ms] Exit code 0 from: uname -m
[        ] arm64
[   +6 ms] Build process failed
[        ] 
           #0      throwToolExit (package:flutter_tools/src/base/common.dart:34:3)
           #1      buildMacOS (package:flutter_tools/src/macos/build_macos.dart:239:5)
           <asynchronous suspension>
           #2      BuildMacosCommand.runCommand (package:flutter_tools/src/commands/build_macos.dart:60:5)
           <asynchronous suspension>
           #3      FlutterCommand.run.<anonymous closure> (package:flutter_tools/src/runner/flutter_command.dart:1559:27)
           <asynchronous suspension>
           #4      AppContext.run.<anonymous closure> (package:flutter_tools/src/base/context.dart:154:19)
           <asynchronous suspension>
           #5      CommandRunner.runCommand (package:args/command_runner.dart:212:13)
           <asynchronous suspension>
           #6      FlutterCommandRunner.runCommand.<anonymous closure> (package:flutter_tools/src/runner/flutter_command_runner.dart:487:9)
           <asynchronous suspension>
           #7      AppContext.run.<anonymous closure> (package:flutter_tools/src/base/context.dart:154:19)
           <asynchronous suspension>
           #8      FlutterCommandRunner.runCommand (package:flutter_tools/src/runner/flutter_command_runner.dart:422:5)
           <asynchronous suspension>
           #9      run.<anonymous closure>.<anonymous closure> (package:flutter_tools/runner.dart:104:11)
           <asynchronous suspension>
           #10     AppContext.run.<anonymous closure> (package:flutter_tools/src/base/context.dart:154:19)
           <asynchronous suspension>
           #11     main (package:flutter_tools/executable.dart:103:3)
           <asynchronous suspension>


[        ] Running 1 shutdown hook
[   +1 ms] Shutdown hooks complete
[        ] exiting with code 1
